# Logfile created on 2020-07-22 16:45:02 +0530 by logger.rb/v1.4.2
I, [2020-07-22T16:45:36.449485 #2668]  INFO -- : navigating to url is successfull 
I, [2020-07-22T16:45:36.468407 #2668]  INFO -- : Excel is created in buffer
I, [2020-07-22T16:45:36.468407 #2668]  INFO -- : Loginis added in excel in buffer
I, [2020-07-22T16:45:36.469385 #2668]  INFO -- : Loginis selected in excel
I, [2020-07-22T16:45:36.469385 #2668]  INFO -- : adminis entered in selected sheet of excel
I, [2020-07-22T16:45:36.469385 #2668]  INFO -- : adminis entered in selected sheet of excel
I, [2020-07-22T16:45:36.655962 #2668]  INFO -- : Excel in buffer saved as ./testData/excelTest.xlsx
I, [2020-07-22T16:45:36.675961 #2668]  INFO -- : ./testData/excelTest.xlsx excel is opened 
I, [2020-07-22T16:45:36.676930 #2668]  INFO -- : Loginis selected in excel
I, [2020-07-22T16:45:36.676930 #2668]  INFO -- :  admin is retrieved from cell 1 ,0
I, [2020-07-22T16:45:36.767130 #2668]  INFO -- : true entered in input[name='username']
I, [2020-07-22T16:45:36.767130 #2668]  INFO -- :  admin is retrieved from cell 1 ,1
I, [2020-07-22T16:45:36.845113 #2668]  INFO -- : true entered in input[name='password']
I, [2020-07-22T16:45:36.845113 #2668]  INFO -- : Passis entered in selected sheet of excel
I, [2020-07-22T16:45:36.856928 #2668]  INFO -- : Excel in buffer saved as ./testData/excelTest.xlsx
I, [2020-07-22T16:45:38.769588 #2668]  INFO -- : input[value="Log In"] is clicked
I, [2020-07-22T16:45:38.828619 #2668]  INFO -- : 'The username and password could not be verified.' text is available for p[class="error"]
I, [2020-07-22T17:27:56.381326 #13404]  INFO -- : navigating to url is successfull 
I, [2020-07-22T17:27:56.588296 #13404]  INFO -- : admin entered in input[name='username']
I, [2020-07-22T17:27:56.667297 #13404]  INFO -- : admin entered in input[name='password']
I, [2020-07-22T17:27:59.391204 #13404]  INFO -- : input[value="Log In"] is clicked
I, [2020-07-22T17:27:59.448304 #13404]  INFO -- : 'Error!' text is available for h1[class="title"]
I, [2020-07-22T17:28:05.690683 #13404]  INFO -- : navigating to url is successfull 
I, [2020-07-22T17:28:05.780684 #13404]  INFO -- : john entered in input[name='username']
I, [2020-07-22T17:28:05.863683 #13404]  INFO -- : demo entered in input[name='password']
I, [2020-07-22T17:28:09.146677 #13404]  INFO -- : input[value="Log In"] is clicked
I, [2020-07-22T17:28:09.191802 #13404]  INFO -- : 'Accounts Overview' text is available for h1[class="title"]
I, [2020-07-22T17:28:12.939947 #13404]  INFO -- : navigating to url is successfull 
I, [2020-07-22T17:28:13.031978 #13404]  INFO -- : demo entered in input[name='username']
I, [2020-07-22T17:28:13.111057 #13404]  INFO -- : demo entered in input[name='password']
I, [2020-07-22T17:28:14.830993 #13404]  INFO -- : input[value="Log In"] is clicked
I, [2020-07-22T17:28:14.888999 #13404]  INFO -- : 'Error!' text is available for h1[class="title"]
I, [2020-07-22T17:30:25.989107 #27880]  INFO -- : navigating to url is successfull 
I, [2020-07-22T17:30:26.099091 #27880]  INFO -- : admin entered in input[name='username']
I, [2020-07-22T17:30:26.177152 #27880]  INFO -- : admin entered in input[name='password']
I, [2020-07-22T17:30:28.202922 #27880]  INFO -- : input[value="Log In"] is clicked
I, [2020-07-22T17:30:28.252923 #27880]  INFO -- : 'Error!' text is available for h1[class="title"]
I, [2020-07-22T17:30:32.073563 #27880]  INFO -- : navigating to url is successfull 
I, [2020-07-22T17:30:32.166526 #27880]  INFO -- : john entered in input[name='username']
I, [2020-07-22T17:30:32.244533 #27880]  INFO -- : demo entered in input[name='password']
I, [2020-07-22T17:30:35.364284 #27880]  INFO -- : input[value="Log In"] is clicked
I, [2020-07-22T17:30:35.410348 #27880]  INFO -- : 'Accounts Overview' text is available for h1[class="title"]
I, [2020-07-22T17:30:39.446491 #27880]  INFO -- : navigating to url is successfull 
I, [2020-07-22T17:30:39.539488 #27880]  INFO -- : demo entered in input[name='username']
I, [2020-07-22T17:30:39.617488 #27880]  INFO -- : demo entered in input[name='password']
I, [2020-07-22T17:30:41.234393 #27880]  INFO -- : input[value="Log In"] is clicked
I, [2020-07-22T17:30:41.285383 #27880]  INFO -- : 'Error!' text is available for h1[class="title"]
