# Logfile created on 2020-08-13 17:38:22 +0530 by logger.rb/v1.4.2
I, [2020-08-13T17:38:22.664100 #15976]  INFO -- : ############Test Cases Execution Started ################
I, [2020-08-13T17:38:22.704100 #15976]  INFO -- : ==========######### Scenario Execution Started ##########===========
I, [2020-08-13T17:40:55.713100 #15976]  INFO -- : navigating to url is successfull 
I, [2020-08-13T17:40:55.729100 #15976]  INFO -- : Excel is created in buffer
I, [2020-08-13T17:40:55.729100 #15976]  INFO -- : Login is added in excel in buffer
I, [2020-08-13T17:40:55.730098 #15976]  INFO -- : Login is selected in excel
I, [2020-08-13T17:40:55.730098 #15976]  INFO -- : john is entered in selected sheet of excel
I, [2020-08-13T17:40:55.731099 #15976]  INFO -- : demo is entered in selected sheet of excel
I, [2020-08-13T17:40:55.745100 #15976]  INFO -- : Excel in buffer saved as ./testData/excelTest.xlsx
I, [2020-08-13T17:40:55.765099 #15976]  INFO -- : ./testData/excelTest.xlsx  excel is opened 
I, [2020-08-13T17:40:55.765099 #15976]  INFO -- : Login is selected in excel
I, [2020-08-13T17:40:55.858100 #15976]  INFO -- : john entered in input[name='username']
I, [2020-08-13T17:40:55.937100 #15976]  INFO -- : demo entered in input[name='password']
I, [2020-08-13T17:40:55.937100 #15976]  INFO -- : Pass is entered in selected sheet of excel
I, [2020-08-13T17:40:55.952100 #15976]  INFO -- : Excel in buffer saved as ./testData/excelTest.xlsx
I, [2020-08-13T17:40:57.512099 #15976]  INFO -- : input[value="Log In"] is clicked
E, [2020-08-13T17:41:02.546102 #15976] ERROR -- : 'The username and password could not be verified.' text is not available for p[class="error"]: Unable to find visible css "p[class=\"error\"]" with text "The username and password could not be verified."
I, [2020-08-13T17:41:02.547133 #15976]  INFO -- : ==========######### Scenario Execution Completed ##########===========
I, [2020-08-13T17:41:09.596101 #15976]  INFO -- : ==========######### Scenario Execution Started ##########===========
I, [2020-08-13T17:41:13.625100 #15976]  INFO -- : navigating to url is successfull 
I, [2020-08-13T17:41:13.715100 #15976]  INFO -- : john entered in input[name='username']
I, [2020-08-13T17:41:13.795100 #15976]  INFO -- : demo entered in input[name='password']
I, [2020-08-13T17:41:14.744100 #15976]  INFO -- : input[value="Log In"] is clicked
E, [2020-08-13T17:41:19.789103 #15976] ERROR -- : verified as page is not having ParaBank | Accounts Overview as title : expected "ParaBank | Error" to include "ParaBank | Accounts Overview"
I, [2020-08-13T17:41:19.790102 #15976]  INFO -- : ==========######### Scenario Execution Completed ##########===========
I, [2020-08-13T17:41:20.705131 #15976]  INFO -- : ==========######### Scenario Execution Started ##########===========
I, [2020-08-13T17:41:24.785130 #15976]  INFO -- : navigating to url is successfull 
I, [2020-08-13T17:41:24.876100 #15976]  INFO -- : admin entered in input[name='username']
I, [2020-08-13T17:41:24.956100 #15976]  INFO -- : admin entered in input[name='password']
I, [2020-08-13T17:41:25.605105 #15976]  INFO -- : input[value="Log In"] is clicked
I, [2020-08-13T17:41:25.651129 #15976]  INFO -- : 'Error!' text is available for h1
I, [2020-08-13T17:41:25.651129 #15976]  INFO -- : ==========######### Scenario Execution Completed ##########===========
I, [2020-08-13T17:41:26.099102 #15976]  INFO -- : ==========######### Scenario Execution Started ##########===========
I, [2020-08-13T17:41:30.346100 #15976]  INFO -- : navigating to url is successfull 
I, [2020-08-13T17:41:30.436100 #15976]  INFO -- : john entered in input[name='username']
I, [2020-08-13T17:41:30.517098 #15976]  INFO -- : demo entered in input[name='password']
I, [2020-08-13T17:41:31.492101 #15976]  INFO -- : input[value="Log In"] is clicked
E, [2020-08-13T17:41:36.510100 #15976] ERROR -- : 'Accounts Overview' text is not available for h1: Unable to find visible css "h1" with text "Accounts Overview"
I, [2020-08-13T17:41:36.510100 #15976]  INFO -- : ==========######### Scenario Execution Completed ##########===========
I, [2020-08-13T17:41:37.250102 #15976]  INFO -- : ==========######### Scenario Execution Started ##########===========
I, [2020-08-13T17:41:41.375102 #15976]  INFO -- : navigating to url is successfull 
I, [2020-08-13T17:41:41.467128 #15976]  INFO -- : demo entered in input[name='username']
I, [2020-08-13T17:41:41.546098 #15976]  INFO -- : demo entered in input[name='password']
I, [2020-08-13T17:41:42.111101 #15976]  INFO -- : input[value="Log In"] is clicked
I, [2020-08-13T17:41:42.148101 #15976]  INFO -- : 'Error!' text is available for h1
I, [2020-08-13T17:41:42.148101 #15976]  INFO -- : ==========######### Scenario Execution Completed ##########===========
I, [2020-08-13T17:41:42.565100 #15976]  INFO -- : ==========######### Scenario Execution Started ##########===========
I, [2020-08-13T17:41:46.942099 #15976]  INFO -- : navigating to url is successfull 
I, [2020-08-13T17:41:47.032100 #15976]  INFO -- : john entered in input[name='username']
I, [2020-08-13T17:41:47.112101 #15976]  INFO -- : demo entered in input[name='password']
I, [2020-08-13T17:41:48.644131 #15976]  INFO -- : input[value="Log In"] is clicked
E, [2020-08-13T17:41:53.663100 #15976] ERROR -- : verified as page is not having ParaBank | Accounts Overview as title : expected "ParaBank | Error" to include "ParaBank | Accounts Overview"
I, [2020-08-13T17:41:53.664100 #15976]  INFO -- : ==========######### Scenario Execution Completed ##########===========
I, [2020-08-13T17:41:54.667101 #15976]  INFO -- : ==========######### Scenario Execution Started ##########===========
I, [2020-08-13T17:41:57.932100 #15976]  INFO -- : navigating to url is successfull 
I, [2020-08-13T17:41:58.023100 #15976]  INFO -- : john entered in input[name='username']
I, [2020-08-13T17:41:58.104099 #15976]  INFO -- : demo entered in input[name='password']
I, [2020-08-13T17:41:58.897129 #15976]  INFO -- : input[value="Log In"] is clicked
E, [2020-08-13T17:42:03.908132 #15976] ERROR -- : verified as page is not having ParaBank | Accounts Overview as title : expected "ParaBank | Error" to include "ParaBank | Accounts Overview"
I, [2020-08-13T17:42:03.909131 #15976]  INFO -- : ==========######### Scenario Execution Completed ##########===========
I, [2020-08-13T17:42:04.936103 #15976]  INFO -- : ==========######### Scenario Execution Started ##########===========
I, [2020-08-13T17:42:09.995100 #15976]  INFO -- : navigating to url is successfull 
I, [2020-08-13T17:42:10.087101 #15976]  INFO -- : john entered in input[name='username']
I, [2020-08-13T17:42:10.164100 #15976]  INFO -- : demo entered in input[name='password']
I, [2020-08-13T17:42:11.691100 #15976]  INFO -- : input[value="Log In"] is clicked
E, [2020-08-13T17:42:16.700099 #15976] ERROR -- : verified as page is not having ParaBank | Accounts Overview as title : expected "ParaBank | Error" to include "ParaBank | Accounts Overview"
I, [2020-08-13T17:42:16.701101 #15976]  INFO -- : ==========######### Scenario Execution Completed ##########===========
I, [2020-08-13T17:42:19.790102 #15976]  INFO -- : ############Test Cases Execution Completed ################
